# JRE version: OpenJDK Runtime Environment (17.0.10) (build 17.0.10+0--11572160)
# Java VM: OpenJDK 64-Bit Server VM (17.0.10+0--11572160, mixed mode, tiered, compressed oops, compressed class ptrs, g1 gc, windows-amd64)
GC Precious Log:
 CPUs: 12 total, 12 available
 Memory: 6005M
 Large Page Support: Disabled
 NUMA Support: Disabled
 Compressed Oops: Enabled (32-bit)
 Heap Region Size: 1M
 Heap Min Capacity: 8M
 Heap Initial Capacity: 94M
 Heap Max Capacity: 1502M
 Pre-touch: Disabled
 Parallel Workers: 10
 Concurrent Workers: 3
 Concurrent Refinement Workers: 10
 Periodic GC: Disabled
Heap:
 garbage-first heap   total 63488K, used 39507K [0x00000000a2200000, 0x0000000100000000)
  region size 1024K, 6 young (6144K), 2 survivors (2048K)
 Metaspace       used 52019K, committed 52224K, reserved 1114112K
  class space    used 6092K, committed 6208K, reserved 1048576K
GC Heap History (20 events):
Event: 9.277 GC heap before
{Heap before GC invocations=12 (full 0):
 garbage-first heap   total 52224K, used 38361K [0x00000000a2200000, 0x0000000100000000)
  region size 1024K, 21 young (21504K), 1 survivors (1024K)
 Metaspace       used 38995K, committed 39232K, reserved 1114112K
  class space    used 4719K, committed 4864K, reserved 1048576K
}
Event: 9.284 GC heap after
{Heap after GC invocations=13 (full 0):
 garbage-first heap   total 52224K, used 19461K [0x00000000a2200000, 0x0000000100000000)
  region size 1024K, 3 young (3072K), 3 survivors (3072K)
 Metaspace       used 38995K, committed 39232K, reserved 1114112K
  class space    used 4719K, committed 4864K, reserved 1048576K
}
Event: 10.688 GC heap before
{Heap before GC invocations=13 (full 0):
 garbage-first heap   total 52224K, used 40965K [0x00000000a2200000, 0x0000000100000000)
  region size 1024K, 22 young (22528K), 3 survivors (3072K)
 Metaspace       used 43046K, committed 43264K, reserved 1114112K
  class space    used 5199K, committed 5312K, reserved 1048576K
}
Event: 10.699 GC heap after
{Heap after GC invocations=14 (full 0):
 garbage-first heap   total 52224K, used 24032K [0x00000000a2200000, 0x0000000100000000)
  region size 1024K, 3 young (3072K), 3 survivors (3072K)
 Metaspace       used 43046K, committed 43264K, reserved 1114112K
  class space    used 5199K, committed 5312K, reserved 1048576K
}
Event: 12.098 GC heap before
{Heap before GC invocations=14 (full 0):
 garbage-first heap   total 52224K, used 39392K [0x00000000a2200000, 0x0000000100000000)
  region size 1024K, 18 young (18432K), 3 survivors (3072K)
 Metaspace       used 45833K, committed 46080K, reserved 1114112K
  class space    used 5511K, committed 5632K, reserved 1048576K
}
Event: 12.108 GC heap after
{Heap after GC invocations=15 (full 0):
 garbage-first heap   total 52224K, used 25953K [0x00000000a2200000, 0x0000000100000000)
  region size 1024K, 2 young (2048K), 2 survivors (2048K)
 Metaspace       used 45833K, committed 46080K, reserved 1114112K
  class space    used 5511K, committed 5632K, reserved 1048576K
}
Event: 12.351 GC heap before
{Heap before GC invocations=15 (full 0):
 garbage-first heap   total 52224K, used 40289K [0x00000000a2200000, 0x0000000100000000)
  region size 1024K, 16 young (16384K), 2 survivors (2048K)
 Metaspace       used 45888K, committed 46080K, reserved 1114112K
  class space    used 5511K, committed 5632K, reserved 1048576K
}
Event: 12.357 GC heap after
{Heap after GC invocations=16 (full 0):
 garbage-first heap   total 52224K, used 26126K [0x00000000a2200000, 0x0000000100000000)
  region size 1024K, 1 young (1024K), 1 survivors (1024K)
 Metaspace       used 45888K, committed 46080K, reserved 1114112K
  class space    used 5511K, committed 5632K, reserved 1048576K
}
Event: 12.920 GC heap before
{Heap before GC invocations=17 (full 0):
 garbage-first heap   total 52224K, used 40462K [0x00000000a2200000, 0x0000000100000000)
  region size 1024K, 15 young (15360K), 1 survivors (1024K)
 Metaspace       used 46046K, committed 46336K, reserved 1114112K
  class space    used 5518K, committed 5632K, reserved 1048576K
}
Event: 12.924 GC heap after
{Heap after GC invocations=18 (full 0):
 garbage-first heap   total 52224K, used 26842K [0x00000000a2200000, 0x0000000100000000)
  region size 1024K, 2 young (2048K), 2 survivors (2048K)
 Metaspace       used 46046K, committed 46336K, reserved 1114112K
  class space    used 5518K, committed 5632K, reserved 1048576K
}
Event: 15.367 GC heap before
{Heap before GC invocations=18 (full 0):
 garbage-first heap   total 52224K, used 41178K [0x00000000a2200000, 0x0000000100000000)
  region size 1024K, 16 young (16384K), 2 survivors (2048K)
 Metaspace       used 47317K, committed 47552K, reserved 1114112K
  class space    used 5583K, committed 5696K, reserved 1048576K
}
Event: 15.388 GC heap after
{Heap after GC invocations=19 (full 0):
 garbage-first heap   total 52224K, used 29773K [0x00000000a2200000, 0x0000000100000000)
  region size 1024K, 2 young (2048K), 2 survivors (2048K)
 Metaspace       used 47317K, committed 47552K, reserved 1114112K
  class space    used 5583K, committed 5696K, reserved 1048576K
}
Event: 16.760 GC heap before
{Heap before GC invocations=20 (full 0):
 garbage-first heap   total 53248K, used 40013K [0x00000000a2200000, 0x0000000100000000)
  region size 1024K, 12 young (12288K), 2 survivors (2048K)
 Metaspace       used 47608K, committed 47808K, reserved 1114112K
  class space    used 5583K, committed 5696K, reserved 1048576K
}
Event: 16.771 GC heap after
{Heap after GC invocations=21 (full 0):
 garbage-first heap   total 53248K, used 31908K [0x00000000a2200000, 0x0000000100000000)
  region size 1024K, 2 young (2048K), 2 survivors (2048K)
 Metaspace       used 47608K, committed 47808K, reserved 1114112K
  class space    used 5583K, committed 5696K, reserved 1048576K
}
Event: 17.797 GC heap before
{Heap before GC invocations=21 (full 0):
 garbage-first heap   total 53248K, used 40100K [0x00000000a2200000, 0x0000000100000000)
  region size 1024K, 11 young (11264K), 2 survivors (2048K)
 Metaspace       used 48700K, committed 48960K, reserved 1114112K
  class space    used 5728K, committed 5824K, reserved 1048576K
}
Event: 17.806 GC heap after
{Heap after GC invocations=22 (full 0):
 garbage-first heap   total 53248K, used 33532K [0x00000000a2200000, 0x0000000100000000)
  region size 1024K, 2 young (2048K), 2 survivors (2048K)
 Metaspace       used 48700K, committed 48960K, reserved 1114112K
  class space    used 5728K, committed 5824K, reserved 1048576K
}
Event: 19.949 GC heap before
{Heap before GC invocations=23 (full 0):
 garbage-first heap   total 60416K, used 41724K [0x00000000a2200000, 0x0000000100000000)
  region size 1024K, 10 young (10240K), 2 survivors (2048K)
 Metaspace       used 49917K, committed 50112K, reserved 1114112K
  class space    used 5866K, committed 5952K, reserved 1048576K
}
Event: 19.958 GC heap after
{Heap after GC invocations=24 (full 0):
 garbage-first heap   total 60416K, used 34478K [0x00000000a2200000, 0x0000000100000000)
  region size 1024K, 1 young (1024K), 1 survivors (1024K)
 Metaspace       used 49917K, committed 50112K, reserved 1114112K
  class space    used 5866K, committed 5952K, reserved 1048576K
}
Event: 22.294 GC heap before
{Heap before GC invocations=24 (full 0):
 garbage-first heap   total 60416K, used 47790K [0x00000000a2200000, 0x0000000100000000)
  region size 1024K, 14 young (14336K), 1 survivors (1024K)
 Metaspace       used 51745K, committed 51968K, reserved 1114112K
  class space    used 6077K, committed 6208K, reserved 1048576K
}
Event: 22.305 GC heap after
{Heap after GC invocations=25 (full 0):
 garbage-first heap   total 60416K, used 36435K [0x00000000a2200000, 0x0000000100000000)
  region size 1024K, 2 young (2048K), 2 survivors (2048K)
 Metaspace       used 51745K, committed 51968K, reserved 1114112K
  class space    used 6077K, committed 6208K, reserved 1048576K
}

