# JRE version: OpenJDK Runtime Environment (17.0.10) (build 17.0.10+0--11572160)
# Java VM: OpenJDK 64-Bit Server VM (17.0.10+0--11572160, mixed mode, tiered, compressed oops, compressed class ptrs, g1 gc, windows-amd64)
GC Precious Log:
 CPUs: 12 total, 12 available
 Memory: 6005M
 Large Page Support: Disabled
 NUMA Support: Disabled
 Compressed Oops: Enabled (32-bit)
 Heap Region Size: 1M
 Heap Min Capacity: 8M
 Heap Initial Capacity: 94M
 Heap Max Capacity: 1502M
 Pre-touch: Disabled
 Parallel Workers: 10
 Concurrent Workers: 3
 Concurrent Refinement Workers: 10
 Periodic GC: Disabled
Heap:
 garbage-first heap   total 485376K, used 148263K [0x00000000a2200000, 0x0000000100000000)
  region size 1024K, 68 young (69632K), 7 survivors (7168K)
 Metaspace       used 67148K, committed 67456K, reserved 1114112K
  class space    used 7584K, committed 7744K, reserved 1048576K
GC Heap History (20 events):
Event: 30.542 GC heap before
{Heap before GC invocations=36 (full 0):
 garbage-first heap   total 219136K, used 156210K [0x00000000a2200000, 0x0000000100000000)
  region size 1024K, 81 young (82944K), 2 survivors (2048K)
 Metaspace       used 65345K, committed 65600K, reserved 1114112K
  class space    used 7383K, committed 7488K, reserved 1048576K
}
Event: 30.550 GC heap after
{Heap after GC invocations=37 (full 0):
 garbage-first heap   total 219136K, used 79971K [0x00000000a2200000, 0x0000000100000000)
  region size 1024K, 6 young (6144K), 6 survivors (6144K)
 Metaspace       used 65345K, committed 65600K, reserved 1114112K
  class space    used 7383K, committed 7488K, reserved 1048576K
}
Event: 32.917 GC heap before
{Heap before GC invocations=37 (full 0):
 garbage-first heap   total 219136K, used 163939K [0x00000000a2200000, 0x0000000100000000)
  region size 1024K, 88 young (90112K), 6 survivors (6144K)
 Metaspace       used 65811K, committed 66048K, reserved 1114112K
  class space    used 7398K, committed 7488K, reserved 1048576K
}
Event: 32.931 GC heap after
{Heap after GC invocations=38 (full 0):
 garbage-first heap   total 219136K, used 85768K [0x00000000a2200000, 0x0000000100000000)
  region size 1024K, 6 young (6144K), 6 survivors (6144K)
 Metaspace       used 65811K, committed 66048K, reserved 1114112K
  class space    used 7398K, committed 7488K, reserved 1048576K
}
Event: 33.119 GC heap before
{Heap before GC invocations=38 (full 0):
 garbage-first heap   total 219136K, used 168712K [0x00000000a2200000, 0x0000000100000000)
  region size 1024K, 87 young (89088K), 6 survivors (6144K)
 Metaspace       used 65812K, committed 66048K, reserved 1114112K
  class space    used 7398K, committed 7488K, reserved 1048576K
}
Event: 33.126 GC heap after
{Heap after GC invocations=39 (full 0):
 garbage-first heap   total 219136K, used 85776K [0x00000000a2200000, 0x0000000100000000)
  region size 1024K, 6 young (6144K), 6 survivors (6144K)
 Metaspace       used 65812K, committed 66048K, reserved 1114112K
  class space    used 7398K, committed 7488K, reserved 1048576K
}
Event: 33.274 GC heap before
{Heap before GC invocations=39 (full 0):
 garbage-first heap   total 219136K, used 174864K [0x00000000a2200000, 0x0000000100000000)
  region size 1024K, 93 young (95232K), 6 survivors (6144K)
 Metaspace       used 65813K, committed 66048K, reserved 1114112K
  class space    used 7398K, committed 7488K, reserved 1048576K
}
Event: 33.279 GC heap after
{Heap after GC invocations=40 (full 0):
 garbage-first heap   total 219136K, used 85991K [0x00000000a2200000, 0x0000000100000000)
  region size 1024K, 6 young (6144K), 6 survivors (6144K)
 Metaspace       used 65813K, committed 66048K, reserved 1114112K
  class space    used 7398K, committed 7488K, reserved 1048576K
}
Event: 33.406 GC heap before
{Heap before GC invocations=40 (full 0):
 garbage-first heap   total 219136K, used 178151K [0x00000000a2200000, 0x0000000100000000)
  region size 1024K, 96 young (98304K), 6 survivors (6144K)
 Metaspace       used 65813K, committed 66048K, reserved 1114112K
  class space    used 7398K, committed 7488K, reserved 1048576K
}
Event: 33.411 GC heap after
{Heap after GC invocations=41 (full 0):
 garbage-first heap   total 219136K, used 85785K [0x00000000a2200000, 0x0000000100000000)
  region size 1024K, 6 young (6144K), 6 survivors (6144K)
 Metaspace       used 65813K, committed 66048K, reserved 1114112K
  class space    used 7398K, committed 7488K, reserved 1048576K
}
Event: 33.579 GC heap before
{Heap before GC invocations=41 (full 0):
 garbage-first heap   total 219136K, used 182041K [0x00000000a2200000, 0x0000000100000000)
  region size 1024K, 100 young (102400K), 6 survivors (6144K)
 Metaspace       used 65834K, committed 66112K, reserved 1114112K
  class space    used 7398K, committed 7488K, reserved 1048576K
}
Event: 33.586 GC heap after
{Heap after GC invocations=42 (full 0):
 garbage-first heap   total 485376K, used 86000K [0x00000000a2200000, 0x0000000100000000)
  region size 1024K, 6 young (6144K), 6 survivors (6144K)
 Metaspace       used 65834K, committed 66112K, reserved 1114112K
  class space    used 7398K, committed 7488K, reserved 1048576K
}
Event: 34.513 GC heap before
{Heap before GC invocations=42 (full 0):
 garbage-first heap   total 485376K, used 370672K [0x00000000a2200000, 0x0000000100000000)
  region size 1024K, 284 young (290816K), 6 survivors (6144K)
 Metaspace       used 65855K, committed 66112K, reserved 1114112K
  class space    used 7398K, committed 7488K, reserved 1048576K
}
Event: 34.520 GC heap after
{Heap after GC invocations=43 (full 0):
 garbage-first heap   total 485376K, used 85785K [0x00000000a2200000, 0x0000000100000000)
  region size 1024K, 6 young (6144K), 6 survivors (6144K)
 Metaspace       used 65855K, committed 66112K, reserved 1114112K
  class space    used 7398K, committed 7488K, reserved 1048576K
}
Event: 34.987 GC heap before
{Heap before GC invocations=43 (full 0):
 garbage-first heap   total 485376K, used 370457K [0x00000000a2200000, 0x0000000100000000)
  region size 1024K, 284 young (290816K), 6 survivors (6144K)
 Metaspace       used 65890K, committed 66112K, reserved 1114112K
  class space    used 7398K, committed 7488K, reserved 1048576K
}
Event: 34.991 GC heap after
{Heap after GC invocations=44 (full 0):
 garbage-first heap   total 485376K, used 86177K [0x00000000a2200000, 0x0000000100000000)
  region size 1024K, 6 young (6144K), 6 survivors (6144K)
 Metaspace       used 65890K, committed 66112K, reserved 1114112K
  class space    used 7398K, committed 7488K, reserved 1048576K
}
Event: 35.297 GC heap before
{Heap before GC invocations=44 (full 0):
 garbage-first heap   total 485376K, used 370849K [0x00000000a2200000, 0x0000000100000000)
  region size 1024K, 284 young (290816K), 6 survivors (6144K)
 Metaspace       used 65901K, committed 66176K, reserved 1114112K
  class space    used 7398K, committed 7488K, reserved 1048576K
}
Event: 35.302 GC heap after
{Heap after GC invocations=45 (full 0):
 garbage-first heap   total 485376K, used 85804K [0x00000000a2200000, 0x0000000100000000)
  region size 1024K, 6 young (6144K), 6 survivors (6144K)
 Metaspace       used 65901K, committed 66176K, reserved 1114112K
  class space    used 7398K, committed 7488K, reserved 1048576K
}
Event: 35.952 GC heap before
{Heap before GC invocations=45 (full 0):
 garbage-first heap   total 485376K, used 370476K [0x00000000a2200000, 0x0000000100000000)
  region size 1024K, 284 young (290816K), 6 survivors (6144K)
 Metaspace       used 65908K, committed 66176K, reserved 1114112K
  class space    used 7398K, committed 7488K, reserved 1048576K
}
Event: 35.956 GC heap after
{Heap after GC invocations=46 (full 0):
 garbage-first heap   total 485376K, used 86823K [0x00000000a2200000, 0x0000000100000000)
  region size 1024K, 7 young (7168K), 7 survivors (7168K)
 Metaspace       used 65908K, committed 66176K, reserved 1114112K
  class space    used 7398K, committed 7488K, reserved 1048576K
}

