# JRE version: OpenJDK Runtime Environment (17.0.10) (build 17.0.10+0--11572160)
# Java VM: OpenJDK 64-Bit Server VM (17.0.10+0--11572160, mixed mode, tiered, compressed oops, compressed class ptrs, g1 gc, windows-amd64)
GC Precious Log:
 CPUs: 12 total, 12 available
 Memory: 6005M
 Large Page Support: Disabled
 NUMA Support: Disabled
 Compressed Oops: Enabled (32-bit)
 Heap Region Size: 1M
 Heap Min Capacity: 8M
 Heap Initial Capacity: 94M
 Heap Max Capacity: 1502M
 Pre-touch: Disabled
 Parallel Workers: 10
 Concurrent Workers: 3
 Concurrent Refinement Workers: 10
 Periodic GC: Disabled
Heap:
 garbage-first heap   total 70656K, used 44090K [0x00000000a2200000, 0x0000000100000000)
  region size 1024K, 10 young (10240K), 2 survivors (2048K)
 Metaspace       used 54724K, committed 54976K, reserved 1114112K
  class space    used 6573K, committed 6656K, reserved 1048576K
GC Heap History (20 events):
Event: 8.334 GC heap before
{Heap before GC invocations=9 (full 0):
 garbage-first heap   total 54272K, used 25060K [0x00000000a2200000, 0x0000000100000000)
  region size 1024K, 12 young (12288K), 4 survivors (4096K)
 Metaspace       used 35805K, committed 35968K, reserved 1114112K
  class space    used 4326K, committed 4416K, reserved 1048576K
}
Event: 8.340 GC heap after
{Heap after GC invocations=10 (full 0):
 garbage-first heap   total 54272K, used 18144K [0x00000000a2200000, 0x0000000100000000)
  region size 1024K, 1 young (1024K), 1 survivors (1024K)
 Metaspace       used 35805K, committed 35968K, reserved 1114112K
  class space    used 4326K, committed 4416K, reserved 1048576K
}
Event: 10.194 GC heap before
{Heap before GC invocations=11 (full 0):
 garbage-first heap   total 54272K, used 39648K [0x00000000a2200000, 0x0000000100000000)
  region size 1024K, 23 young (23552K), 1 survivors (1024K)
 Metaspace       used 41642K, committed 41920K, reserved 1114112K
  class space    used 5007K, committed 5120K, reserved 1048576K
}
Event: 10.204 GC heap after
{Heap after GC invocations=12 (full 0):
 garbage-first heap   total 54272K, used 20247K [0x00000000a2200000, 0x0000000100000000)
  region size 1024K, 3 young (3072K), 3 survivors (3072K)
 Metaspace       used 41642K, committed 41920K, reserved 1114112K
  class space    used 5007K, committed 5120K, reserved 1048576K
}
Event: 12.206 GC heap before
{Heap before GC invocations=12 (full 0):
 garbage-first heap   total 54272K, used 42775K [0x00000000a2200000, 0x0000000100000000)
  region size 1024K, 23 young (23552K), 3 survivors (3072K)
 Metaspace       used 47571K, committed 47808K, reserved 1114112K
  class space    used 5832K, committed 5952K, reserved 1048576K
}
Event: 12.218 GC heap after
{Heap after GC invocations=13 (full 0):
 garbage-first heap   total 54272K, used 24046K [0x00000000a2200000, 0x0000000100000000)
  region size 1024K, 2 young (2048K), 2 survivors (2048K)
 Metaspace       used 47571K, committed 47808K, reserved 1114112K
  class space    used 5832K, committed 5952K, reserved 1048576K
}
Event: 12.654 GC heap before
{Heap before GC invocations=13 (full 0):
 garbage-first heap   total 54272K, used 43502K [0x00000000a2200000, 0x0000000100000000)
  region size 1024K, 20 young (20480K), 2 survivors (2048K)
 Metaspace       used 47917K, committed 48128K, reserved 1114112K
  class space    used 5863K, committed 5952K, reserved 1048576K
}
Event: 12.660 GC heap after
{Heap after GC invocations=14 (full 0):
 garbage-first heap   total 54272K, used 24748K [0x00000000a2200000, 0x0000000100000000)
  region size 1024K, 3 young (3072K), 3 survivors (3072K)
 Metaspace       used 47917K, committed 48128K, reserved 1114112K
  class space    used 5863K, committed 5952K, reserved 1048576K
}
Event: 14.456 GC heap before
{Heap before GC invocations=14 (full 0):
 garbage-first heap   total 54272K, used 42156K [0x00000000a2200000, 0x0000000100000000)
  region size 1024K, 20 young (20480K), 3 survivors (3072K)
 Metaspace       used 49569K, committed 49728K, reserved 1114112K
  class space    used 6078K, committed 6144K, reserved 1048576K
}
Event: 14.468 GC heap after
{Heap after GC invocations=15 (full 0):
 garbage-first heap   total 54272K, used 27355K [0x00000000a2200000, 0x0000000100000000)
  region size 1024K, 3 young (3072K), 3 survivors (3072K)
 Metaspace       used 49569K, committed 49728K, reserved 1114112K
  class space    used 6078K, committed 6144K, reserved 1048576K
}
Event: 15.677 GC heap before
{Heap before GC invocations=15 (full 0):
 garbage-first heap   total 54272K, used 42715K [0x00000000a2200000, 0x0000000100000000)
  region size 1024K, 18 young (18432K), 3 survivors (3072K)
 Metaspace       used 50797K, committed 50944K, reserved 1114112K
  class space    used 6198K, committed 6272K, reserved 1048576K
}
Event: 15.689 GC heap after
{Heap after GC invocations=16 (full 0):
 garbage-first heap   total 54272K, used 29274K [0x00000000a2200000, 0x0000000100000000)
  region size 1024K, 2 young (2048K), 2 survivors (2048K)
 Metaspace       used 50797K, committed 50944K, reserved 1114112K
  class space    used 6198K, committed 6272K, reserved 1048576K
}
Event: 18.487 GC heap before
{Heap before GC invocations=17 (full 0):
 garbage-first heap   total 54272K, used 42586K [0x00000000a2200000, 0x0000000100000000)
  region size 1024K, 15 young (15360K), 2 survivors (2048K)
 Metaspace       used 53152K, committed 53376K, reserved 1114112K
  class space    used 6476K, committed 6592K, reserved 1048576K
}
Event: 18.497 GC heap after
{Heap after GC invocations=18 (full 0):
 garbage-first heap   total 54272K, used 31234K [0x00000000a2200000, 0x0000000100000000)
  region size 1024K, 2 young (2048K), 2 survivors (2048K)
 Metaspace       used 53152K, committed 53376K, reserved 1114112K
  class space    used 6476K, committed 6592K, reserved 1048576K
}
Event: 20.490 GC heap before
{Heap before GC invocations=18 (full 0):
 garbage-first heap   total 54272K, used 42498K [0x00000000a2200000, 0x0000000100000000)
  region size 1024K, 13 young (13312K), 2 survivors (2048K)
 Metaspace       used 54253K, committed 54464K, reserved 1114112K
  class space    used 6551K, committed 6656K, reserved 1048576K
}
Event: 20.503 GC heap after
{Heap after GC invocations=19 (full 0):
 garbage-first heap   total 54272K, used 33556K [0x00000000a2200000, 0x0000000100000000)
  region size 1024K, 2 young (2048K), 2 survivors (2048K)
 Metaspace       used 54253K, committed 54464K, reserved 1114112K
  class space    used 6551K, committed 6656K, reserved 1048576K
}
Event: 21.591 GC heap before
{Heap before GC invocations=20 (full 0):
 garbage-first heap   total 58368K, used 42772K [0x00000000a2200000, 0x0000000100000000)
  region size 1024K, 11 young (11264K), 2 survivors (2048K)
 Metaspace       used 54397K, committed 54656K, reserved 1114112K
  class space    used 6553K, committed 6656K, reserved 1048576K
}
Event: 21.602 GC heap after
{Heap after GC invocations=21 (full 0):
 garbage-first heap   total 58368K, used 35324K [0x00000000a2200000, 0x0000000100000000)
  region size 1024K, 2 young (2048K), 2 survivors (2048K)
 Metaspace       used 54397K, committed 54656K, reserved 1114112K
  class space    used 6553K, committed 6656K, reserved 1048576K
}
Event: 22.218 GC heap before
{Heap before GC invocations=21 (full 0):
 garbage-first heap   total 58368K, used 45564K [0x00000000a2200000, 0x0000000100000000)
  region size 1024K, 12 young (12288K), 2 survivors (2048K)
 Metaspace       used 54576K, committed 54848K, reserved 1114112K
  class space    used 6562K, committed 6656K, reserved 1048576K
}
Event: 22.228 GC heap after
{Heap after GC invocations=22 (full 0):
 garbage-first heap   total 70656K, used 36922K [0x00000000a2200000, 0x0000000100000000)
  region size 1024K, 2 young (2048K), 2 survivors (2048K)
 Metaspace       used 54576K, committed 54848K, reserved 1114112K
  class space    used 6562K, committed 6656K, reserved 1048576K
}

