# JRE version: OpenJDK Runtime Environment (17.0.10) (build 17.0.10+0--11572160)
# Java VM: OpenJDK 64-Bit Server VM (17.0.10+0--11572160, mixed mode, tiered, compressed oops, compressed class ptrs, g1 gc, windows-amd64)
GC Precious Log:
 CPUs: 12 total, 12 available
 Memory: 6005M
 Large Page Support: Disabled
 NUMA Support: Disabled
 Compressed Oops: Enabled (32-bit)
 Heap Region Size: 1M
 Heap Min Capacity: 8M
 Heap Initial Capacity: 94M
 Heap Max Capacity: 1502M
 Pre-touch: Disabled
 Parallel Workers: 10
 Concurrent Workers: 3
 Concurrent Refinement Workers: 10
 Periodic GC: Disabled
Heap:
 garbage-first heap   total 157696K, used 102880K [0x00000000a2200000, 0x0000000100000000)
  region size 1024K, 8 young (8192K), 5 survivors (5120K)
 Metaspace       used 72742K, committed 73088K, reserved 1114112K
  class space    used 8013K, committed 8192K, reserved 1048576K
GC Heap History (20 events):
Event: 30.821 GC heap before
{Heap before GC invocations=25 (full 0):
 garbage-first heap   total 137216K, used 109674K [0x00000000a2200000, 0x0000000100000000)
  region size 1024K, 37 young (37888K), 5 survivors (5120K)
 Metaspace       used 64488K, committed 64704K, reserved 1114112K
  class space    used 7322K, committed 7424K, reserved 1048576K
}
Event: 30.835 GC heap after
{Heap after GC invocations=26 (full 0):
 garbage-first heap   total 137216K, used 79672K [0x00000000a2200000, 0x0000000100000000)
  region size 1024K, 3 young (3072K), 3 survivors (3072K)
 Metaspace       used 64488K, committed 64704K, reserved 1114112K
  class space    used 7322K, committed 7424K, reserved 1048576K
}
Event: 32.780 GC heap before
{Heap before GC invocations=26 (full 0):
 garbage-first heap   total 137216K, used 112440K [0x00000000a2200000, 0x0000000100000000)
  region size 1024K, 35 young (35840K), 3 survivors (3072K)
 Metaspace       used 64852K, committed 65088K, reserved 1114112K
  class space    used 7329K, committed 7424K, reserved 1048576K
}
Event: 32.791 GC heap after
{Heap after GC invocations=27 (full 0):
 garbage-first heap   total 137216K, used 82200K [0x00000000a2200000, 0x0000000100000000)
  region size 1024K, 5 young (5120K), 5 survivors (5120K)
 Metaspace       used 64852K, committed 65088K, reserved 1114112K
  class space    used 7329K, committed 7424K, reserved 1048576K
}
Event: 34.016 GC heap before
{Heap before GC invocations=27 (full 0):
 garbage-first heap   total 137216K, used 112920K [0x00000000a2200000, 0x0000000100000000)
  region size 1024K, 35 young (35840K), 5 survivors (5120K)
 Metaspace       used 65043K, committed 65280K, reserved 1114112K
  class space    used 7330K, committed 7424K, reserved 1048576K
}
Event: 34.029 GC heap after
{Heap after GC invocations=28 (full 0):
 garbage-first heap   total 137216K, used 85181K [0x00000000a2200000, 0x0000000100000000)
  region size 1024K, 3 young (3072K), 3 survivors (3072K)
 Metaspace       used 65043K, committed 65280K, reserved 1114112K
  class space    used 7330K, committed 7424K, reserved 1048576K
}
Event: 34.982 GC heap before
{Heap before GC invocations=28 (full 0):
 garbage-first heap   total 137216K, used 113853K [0x00000000a2200000, 0x0000000100000000)
  region size 1024K, 31 young (31744K), 3 survivors (3072K)
 Metaspace       used 65257K, committed 65536K, reserved 1114112K
  class space    used 7333K, committed 7424K, reserved 1048576K
}
Event: 34.989 GC heap after
{Heap after GC invocations=29 (full 0):
 garbage-first heap   total 137216K, used 87031K [0x00000000a2200000, 0x0000000100000000)
  region size 1024K, 3 young (3072K), 3 survivors (3072K)
 Metaspace       used 65257K, committed 65536K, reserved 1114112K
  class space    used 7333K, committed 7424K, reserved 1048576K
}
Event: 35.869 GC heap before
{Heap before GC invocations=29 (full 0):
 garbage-first heap   total 137216K, used 114679K [0x00000000a2200000, 0x0000000100000000)
  region size 1024K, 30 young (30720K), 3 survivors (3072K)
 Metaspace       used 65825K, committed 66112K, reserved 1114112K
  class space    used 7376K, committed 7488K, reserved 1048576K
}
Event: 35.877 GC heap after
{Heap after GC invocations=30 (full 0):
 garbage-first heap   total 137216K, used 88576K [0x00000000a2200000, 0x0000000100000000)
  region size 1024K, 4 young (4096K), 4 survivors (4096K)
 Metaspace       used 65825K, committed 66112K, reserved 1114112K
  class space    used 7376K, committed 7488K, reserved 1048576K
}
Event: 36.254 GC heap before
{Heap before GC invocations=30 (full 0):
 garbage-first heap   total 137216K, used 115200K [0x00000000a2200000, 0x0000000100000000)
  region size 1024K, 30 young (30720K), 4 survivors (4096K)
 Metaspace       used 66085K, committed 66368K, reserved 1114112K
  class space    used 7380K, committed 7488K, reserved 1048576K
}
Event: 36.260 GC heap after
{Heap after GC invocations=31 (full 0):
 garbage-first heap   total 137216K, used 89234K [0x00000000a2200000, 0x0000000100000000)
  region size 1024K, 3 young (3072K), 3 survivors (3072K)
 Metaspace       used 66085K, committed 66368K, reserved 1114112K
  class space    used 7380K, committed 7488K, reserved 1048576K
}
Event: 36.901 GC heap before
{Heap before GC invocations=31 (full 0):
 garbage-first heap   total 137216K, used 111762K [0x00000000a2200000, 0x0000000100000000)
  region size 1024K, 26 young (26624K), 3 survivors (3072K)
 Metaspace       used 69941K, committed 70208K, reserved 1114112K
  class space    used 7744K, committed 7872K, reserved 1048576K
}
Event: 36.907 GC heap after
{Heap after GC invocations=32 (full 0):
 garbage-first heap   total 137216K, used 90468K [0x00000000a2200000, 0x0000000100000000)
  region size 1024K, 2 young (2048K), 2 survivors (2048K)
 Metaspace       used 69941K, committed 70208K, reserved 1114112K
  class space    used 7744K, committed 7872K, reserved 1048576K
}
Event: 37.658 GC heap before
{Heap before GC invocations=33 (full 0):
 garbage-first heap   total 157696K, used 115044K [0x00000000a2200000, 0x0000000100000000)
  region size 1024K, 26 young (26624K), 2 survivors (2048K)
 Metaspace       used 72257K, committed 72640K, reserved 1114112K
  class space    used 7993K, committed 8192K, reserved 1048576K
}
Event: 37.669 GC heap after
{Heap after GC invocations=34 (full 0):
 garbage-first heap   total 157696K, used 93711K [0x00000000a2200000, 0x0000000100000000)
  region size 1024K, 4 young (4096K), 4 survivors (4096K)
 Metaspace       used 72257K, committed 72640K, reserved 1114112K
  class space    used 7993K, committed 8192K, reserved 1048576K
}
Event: 37.864 GC heap before
{Heap before GC invocations=34 (full 0):
 garbage-first heap   total 157696K, used 96783K [0x00000000a2200000, 0x0000000100000000)
  region size 1024K, 7 young (7168K), 4 survivors (4096K)
 Metaspace       used 72420K, committed 72768K, reserved 1114112K
  class space    used 8005K, committed 8192K, reserved 1048576K
}
Event: 37.874 GC heap after
{Heap after GC invocations=35 (full 0):
 garbage-first heap   total 157696K, used 93820K [0x00000000a2200000, 0x0000000100000000)
  region size 1024K, 1 young (1024K), 1 survivors (1024K)
 Metaspace       used 72420K, committed 72768K, reserved 1114112K
  class space    used 8005K, committed 8192K, reserved 1048576K
}
Event: 38.613 GC heap before
{Heap before GC invocations=35 (full 0):
 garbage-first heap   total 157696K, used 131708K [0x00000000a2200000, 0x0000000100000000)
  region size 1024K, 38 young (38912K), 1 survivors (1024K)
 Metaspace       used 72704K, committed 73088K, reserved 1114112K
  class space    used 8013K, committed 8192K, reserved 1048576K
}
Event: 38.628 GC heap after
{Heap after GC invocations=36 (full 0):
 garbage-first heap   total 157696K, used 100832K [0x00000000a2200000, 0x0000000100000000)
  region size 1024K, 5 young (5120K), 5 survivors (5120K)
 Metaspace       used 72704K, committed 73088K, reserved 1114112K
  class space    used 8013K, committed 8192K, reserved 1048576K
}

