# JRE version: OpenJDK Runtime Environment (17.0.10) (build 17.0.10+0--11572160)
# Java VM: OpenJDK 64-Bit Server VM (17.0.10+0--11572160, mixed mode, tiered, compressed oops, compressed class ptrs, g1 gc, windows-amd64)
GC Precious Log:
 CPUs: 12 total, 12 available
 Memory: 6005M
 Large Page Support: Disabled
 NUMA Support: Disabled
 Compressed Oops: Enabled (32-bit)
 Heap Region Size: 1M
 Heap Min Capacity: 8M
 Heap Initial Capacity: 94M
 Heap Max Capacity: 1502M
 Pre-touch: Disabled
 Parallel Workers: 10
 Concurrent Workers: 3
 Concurrent Refinement Workers: 10
 Periodic GC: Disabled
Heap:
 garbage-first heap   total 84992K, used 53142K [0x00000000a2200000, 0x0000000100000000)
  region size 1024K, 9 young (9216K), 3 survivors (3072K)
 Metaspace       used 55843K, committed 56000K, reserved 1114112K
  class space    used 6636K, committed 6720K, reserved 1048576K
GC Heap History (20 events):
Event: 11.576 GC heap before
{Heap before GC invocations=16 (full 0):
 garbage-first heap   total 43008K, used 31968K [0x00000000a2200000, 0x0000000100000000)
  region size 1024K, 7 young (7168K), 1 survivors (1024K)
 Metaspace       used 41177K, committed 41408K, reserved 1114112K
  class space    used 4928K, committed 5056K, reserved 1048576K
}
Event: 11.581 GC heap after
{Heap after GC invocations=17 (full 0):
 garbage-first heap   total 62464K, used 26504K [0x00000000a2200000, 0x0000000100000000)
  region size 1024K, 1 young (1024K), 1 survivors (1024K)
 Metaspace       used 41177K, committed 41408K, reserved 1114112K
  class space    used 4928K, committed 5056K, reserved 1048576K
}
Event: 13.276 GC heap before
{Heap before GC invocations=18 (full 0):
 garbage-first heap   total 62464K, used 45960K [0x00000000a2200000, 0x0000000100000000)
  region size 1024K, 18 young (18432K), 1 survivors (1024K)
 Metaspace       used 45275K, committed 45504K, reserved 1114112K
  class space    used 5445K, committed 5568K, reserved 1048576K
}
Event: 13.282 GC heap after
{Heap after GC invocations=19 (full 0):
 garbage-first heap   total 62464K, used 30079K [0x00000000a2200000, 0x0000000100000000)
  region size 1024K, 2 young (2048K), 2 survivors (2048K)
 Metaspace       used 45275K, committed 45504K, reserved 1114112K
  class space    used 5445K, committed 5568K, reserved 1048576K
}
Event: 14.350 GC heap before
{Heap before GC invocations=19 (full 0):
 garbage-first heap   total 62464K, used 36223K [0x00000000a2200000, 0x0000000100000000)
  region size 1024K, 10 young (10240K), 2 survivors (2048K)
 Metaspace       used 47040K, committed 47296K, reserved 1114112K
  class space    used 5712K, committed 5824K, reserved 1048576K
}
Event: 14.357 GC heap after
{Heap after GC invocations=20 (full 0):
 garbage-first heap   total 62464K, used 31076K [0x00000000a2200000, 0x0000000100000000)
  region size 1024K, 2 young (2048K), 2 survivors (2048K)
 Metaspace       used 47040K, committed 47296K, reserved 1114112K
  class space    used 5712K, committed 5824K, reserved 1048576K
}
Event: 14.616 GC heap before
{Heap before GC invocations=21 (full 0):
 garbage-first heap   total 62464K, used 47460K [0x00000000a2200000, 0x0000000100000000)
  region size 1024K, 17 young (17408K), 2 survivors (2048K)
 Metaspace       used 47108K, committed 47296K, reserved 1114112K
  class space    used 5712K, committed 5824K, reserved 1048576K
}
Event: 14.621 GC heap after
{Heap after GC invocations=22 (full 0):
 garbage-first heap   total 62464K, used 32009K [0x00000000a2200000, 0x0000000100000000)
  region size 1024K, 2 young (2048K), 2 survivors (2048K)
 Metaspace       used 47108K, committed 47296K, reserved 1114112K
  class space    used 5712K, committed 5824K, reserved 1048576K
}
Event: 15.001 GC heap before
{Heap before GC invocations=22 (full 0):
 garbage-first heap   total 62464K, used 47369K [0x00000000a2200000, 0x0000000100000000)
  region size 1024K, 17 young (17408K), 2 survivors (2048K)
 Metaspace       used 47569K, committed 47808K, reserved 1114112K
  class space    used 5770K, committed 5888K, reserved 1048576K
}
Event: 15.008 GC heap after
{Heap after GC invocations=23 (full 0):
 garbage-first heap   total 62464K, used 32664K [0x00000000a2200000, 0x0000000100000000)
  region size 1024K, 2 young (2048K), 2 survivors (2048K)
 Metaspace       used 47569K, committed 47808K, reserved 1114112K
  class space    used 5770K, committed 5888K, reserved 1048576K
}
Event: 16.244 GC heap before
{Heap before GC invocations=24 (full 0):
 garbage-first heap   total 62464K, used 48024K [0x00000000a2200000, 0x0000000100000000)
  region size 1024K, 17 young (17408K), 2 survivors (2048K)
 Metaspace       used 49147K, committed 49344K, reserved 1114112K
  class space    used 5933K, committed 6016K, reserved 1048576K
}
Event: 16.258 GC heap after
{Heap after GC invocations=25 (full 0):
 garbage-first heap   total 62464K, used 35411K [0x00000000a2200000, 0x0000000100000000)
  region size 1024K, 3 young (3072K), 3 survivors (3072K)
 Metaspace       used 49147K, committed 49344K, reserved 1114112K
  class space    used 5933K, committed 6016K, reserved 1048576K
}
Event: 17.500 GC heap before
{Heap before GC invocations=25 (full 0):
 garbage-first heap   total 62464K, used 48723K [0x00000000a2200000, 0x0000000100000000)
  region size 1024K, 16 young (16384K), 3 survivors (3072K)
 Metaspace       used 49964K, committed 50176K, reserved 1114112K
  class space    used 5979K, committed 6080K, reserved 1048576K
}
Event: 17.518 GC heap after
{Heap after GC invocations=26 (full 0):
 garbage-first heap   total 62464K, used 39087K [0x00000000a2200000, 0x0000000100000000)
  region size 1024K, 2 young (2048K), 2 survivors (2048K)
 Metaspace       used 49964K, committed 50176K, reserved 1114112K
  class space    used 5979K, committed 6080K, reserved 1048576K
}
Event: 18.540 GC heap before
{Heap before GC invocations=27 (full 0):
 garbage-first heap   total 70656K, used 48303K [0x00000000a2200000, 0x0000000100000000)
  region size 1024K, 11 young (11264K), 2 survivors (2048K)
 Metaspace       used 51430K, committed 51648K, reserved 1114112K
  class space    used 6160K, committed 6272K, reserved 1048576K
}
Event: 18.552 GC heap after
{Heap after GC invocations=28 (full 0):
 garbage-first heap   total 70656K, used 41036K [0x00000000a2200000, 0x0000000100000000)
  region size 1024K, 2 young (2048K), 2 survivors (2048K)
 Metaspace       used 51430K, committed 51648K, reserved 1114112K
  class space    used 6160K, committed 6272K, reserved 1048576K
}
Event: 20.031 GC heap before
{Heap before GC invocations=28 (full 0):
 garbage-first heap   total 70656K, used 53324K [0x00000000a2200000, 0x0000000100000000)
  region size 1024K, 15 young (15360K), 2 survivors (2048K)
 Metaspace       used 54006K, committed 54272K, reserved 1114112K
  class space    used 6479K, committed 6592K, reserved 1048576K
}
Event: 20.040 GC heap after
{Heap after GC invocations=29 (full 0):
 garbage-first heap   total 84992K, used 42832K [0x00000000a2200000, 0x0000000100000000)
  region size 1024K, 2 young (2048K), 2 survivors (2048K)
 Metaspace       used 54006K, committed 54272K, reserved 1114112K
  class space    used 6479K, committed 6592K, reserved 1048576K
}
Event: 22.033 GC heap before
{Heap before GC invocations=30 (full 0):
 garbage-first heap   total 84992K, used 58192K [0x00000000a2200000, 0x0000000100000000)
  region size 1024K, 18 young (18432K), 2 survivors (2048K)
 Metaspace       used 55203K, committed 55424K, reserved 1114112K
  class space    used 6560K, committed 6656K, reserved 1048576K
}
Event: 22.048 GC heap after
{Heap after GC invocations=31 (full 0):
 garbage-first heap   total 84992K, used 45974K [0x00000000a2200000, 0x0000000100000000)
  region size 1024K, 3 young (3072K), 3 survivors (3072K)
 Metaspace       used 55203K, committed 55424K, reserved 1114112K
  class space    used 6560K, committed 6656K, reserved 1048576K
}

