# JRE version: OpenJDK Runtime Environment (17.0.10) (build 17.0.10+0--11572160)
# Java VM: OpenJDK 64-Bit Server VM (17.0.10+0--11572160, mixed mode, tiered, compressed oops, compressed class ptrs, g1 gc, windows-amd64)
GC Precious Log:
 CPUs: 12 total, 12 available
 Memory: 6005M
 Large Page Support: Disabled
 NUMA Support: Disabled
 Compressed Oops: Enabled (32-bit)
 Heap Region Size: 1M
 Heap Min Capacity: 8M
 Heap Initial Capacity: 94M
 Heap Max Capacity: 1502M
 Pre-touch: Disabled
 Parallel Workers: 10
 Concurrent Workers: 3
 Concurrent Refinement Workers: 10
 Periodic GC: Disabled
Heap:
 garbage-first heap   total 76800K, used 47104K [0x00000000a2200000, 0x0000000100000000)
  region size 1024K, 15 young (15360K), 4 survivors (4096K)
 Metaspace       used 54019K, committed 54208K, reserved 1114112K
  class space    used 6374K, committed 6464K, reserved 1048576K
GC Heap History (20 events):
Event: 3.834 GC heap before
{Heap before GC invocations=5 (full 0):
 garbage-first heap   total 31744K, used 21981K [0x00000000a2200000, 0x0000000100000000)
  region size 1024K, 9 young (9216K), 1 survivors (1024K)
 Metaspace       used 24891K, committed 25088K, reserved 1114112K
  class space    used 3199K, committed 3264K, reserved 1048576K
}
Event: 3.841 GC heap after
{Heap after GC invocations=6 (full 0):
 garbage-first heap   total 31744K, used 15324K [0x00000000a2200000, 0x0000000100000000)
  region size 1024K, 2 young (2048K), 2 survivors (2048K)
 Metaspace       used 24891K, committed 25088K, reserved 1114112K
  class space    used 3199K, committed 3264K, reserved 1048576K
}
Event: 4.261 GC heap before
{Heap before GC invocations=6 (full 0):
 garbage-first heap   total 31744K, used 21468K [0x00000000a2200000, 0x0000000100000000)
  region size 1024K, 9 young (9216K), 2 survivors (2048K)
 Metaspace       used 27323K, committed 27520K, reserved 1114112K
  class space    used 3474K, committed 3584K, reserved 1048576K
}
Event: 4.267 GC heap after
{Heap after GC invocations=7 (full 0):
 garbage-first heap   total 63488K, used 15816K [0x00000000a2200000, 0x0000000100000000)
  region size 1024K, 1 young (1024K), 1 survivors (1024K)
 Metaspace       used 27323K, committed 27520K, reserved 1114112K
  class space    used 3474K, committed 3584K, reserved 1048576K
}
Event: 6.653 GC heap before
{Heap before GC invocations=7 (full 0):
 garbage-first heap   total 63488K, used 38344K [0x00000000a2200000, 0x0000000100000000)
  region size 1024K, 23 young (23552K), 1 survivors (1024K)
 Metaspace       used 31519K, committed 31744K, reserved 1114112K
  class space    used 3926K, committed 4032K, reserved 1048576K
}
Event: 6.661 GC heap after
{Heap after GC invocations=8 (full 0):
 garbage-first heap   total 63488K, used 16765K [0x00000000a2200000, 0x0000000100000000)
  region size 1024K, 3 young (3072K), 3 survivors (3072K)
 Metaspace       used 31519K, committed 31744K, reserved 1114112K
  class space    used 3926K, committed 4032K, reserved 1048576K
}
Event: 8.310 GC heap before
{Heap before GC invocations=8 (full 0):
 garbage-first heap   total 63488K, used 37245K [0x00000000a2200000, 0x0000000100000000)
  region size 1024K, 25 young (25600K), 3 survivors (3072K)
 Metaspace       used 35820K, committed 35968K, reserved 1114112K
  class space    used 4321K, committed 4416K, reserved 1048576K
}
Event: 8.319 GC heap after
{Heap after GC invocations=9 (full 0):
 garbage-first heap   total 63488K, used 18741K [0x00000000a2200000, 0x0000000100000000)
  region size 1024K, 2 young (2048K), 2 survivors (2048K)
 Metaspace       used 35820K, committed 35968K, reserved 1114112K
  class space    used 4321K, committed 4416K, reserved 1048576K
}
Event: 10.323 GC heap before
{Heap before GC invocations=10 (full 0):
 garbage-first heap   total 63488K, used 43317K [0x00000000a2200000, 0x0000000100000000)
  region size 1024K, 25 young (25600K), 2 survivors (2048K)
 Metaspace       used 41363K, committed 41600K, reserved 1114112K
  class space    used 4964K, committed 5056K, reserved 1048576K
}
Event: 10.335 GC heap after
{Heap after GC invocations=11 (full 0):
 garbage-first heap   total 63488K, used 24003K [0x00000000a2200000, 0x0000000100000000)
  region size 1024K, 4 young (4096K), 4 survivors (4096K)
 Metaspace       used 41363K, committed 41600K, reserved 1114112K
  class space    used 4964K, committed 5056K, reserved 1048576K
}
Event: 11.979 GC heap before
{Heap before GC invocations=11 (full 0):
 garbage-first heap   total 63488K, used 44483K [0x00000000a2200000, 0x0000000100000000)
  region size 1024K, 24 young (24576K), 4 survivors (4096K)
 Metaspace       used 45261K, committed 45440K, reserved 1114112K
  class space    used 5410K, committed 5504K, reserved 1048576K
}
Event: 11.998 GC heap after
{Heap after GC invocations=12 (full 0):
 garbage-first heap   total 63488K, used 27305K [0x00000000a2200000, 0x0000000100000000)
  region size 1024K, 3 young (3072K), 3 survivors (3072K)
 Metaspace       used 45261K, committed 45440K, reserved 1114112K
  class space    used 5410K, committed 5504K, reserved 1048576K
}
Event: 14.386 GC heap before
{Heap before GC invocations=12 (full 0):
 garbage-first heap   total 63488K, used 45737K [0x00000000a2200000, 0x0000000100000000)
  region size 1024K, 21 young (21504K), 3 survivors (3072K)
 Metaspace       used 48981K, committed 49280K, reserved 1114112K
  class space    used 5942K, committed 6080K, reserved 1048576K
}
Event: 14.406 GC heap after
{Heap after GC invocations=13 (full 0):
 garbage-first heap   total 63488K, used 30277K [0x00000000a2200000, 0x0000000100000000)
  region size 1024K, 3 young (3072K), 3 survivors (3072K)
 Metaspace       used 48981K, committed 49280K, reserved 1114112K
  class space    used 5942K, committed 6080K, reserved 1048576K
}
Event: 14.975 GC heap before
{Heap before GC invocations=13 (full 0):
 garbage-first heap   total 63488K, used 48709K [0x00000000a2200000, 0x0000000100000000)
  region size 1024K, 20 young (20480K), 3 survivors (3072K)
 Metaspace       used 49197K, committed 49472K, reserved 1114112K
  class space    used 5953K, committed 6080K, reserved 1048576K
}
Event: 14.986 GC heap after
{Heap after GC invocations=14 (full 0):
 garbage-first heap   total 63488K, used 32098K [0x00000000a2200000, 0x0000000100000000)
  region size 1024K, 2 young (2048K), 2 survivors (2048K)
 Metaspace       used 49197K, committed 49472K, reserved 1114112K
  class space    used 5953K, committed 6080K, reserved 1048576K
}
Event: 16.024 GC heap before
{Heap before GC invocations=14 (full 0):
 garbage-first heap   total 63488K, used 47458K [0x00000000a2200000, 0x0000000100000000)
  region size 1024K, 18 young (18432K), 2 survivors (2048K)
 Metaspace       used 49497K, committed 49728K, reserved 1114112K
  class space    used 5968K, committed 6080K, reserved 1048576K
}
Event: 16.032 GC heap after
{Heap after GC invocations=15 (full 0):
 garbage-first heap   total 76800K, used 32916K [0x00000000a2200000, 0x0000000100000000)
  region size 1024K, 2 young (2048K), 2 survivors (2048K)
 Metaspace       used 49497K, committed 49728K, reserved 1114112K
  class space    used 5968K, committed 6080K, reserved 1048576K
}
Event: 20.630 GC heap before
{Heap before GC invocations=16 (full 0):
 garbage-first heap   total 76800K, used 56468K [0x00000000a2200000, 0x0000000100000000)
  region size 1024K, 26 young (26624K), 2 survivors (2048K)
 Metaspace       used 52993K, committed 53184K, reserved 1114112K
  class space    used 6320K, committed 6400K, reserved 1048576K
}
Event: 20.649 GC heap after
{Heap after GC invocations=17 (full 0):
 garbage-first heap   total 76800K, used 36864K [0x00000000a2200000, 0x0000000100000000)
  region size 1024K, 4 young (4096K), 4 survivors (4096K)
 Metaspace       used 52993K, committed 53184K, reserved 1114112K
  class space    used 6320K, committed 6400K, reserved 1048576K
}

