# JRE version: OpenJDK Runtime Environment (17.0.10) (build 17.0.10+0--11572160)
# Java VM: OpenJDK 64-Bit Server VM (17.0.10+0--11572160, mixed mode, tiered, compressed oops, compressed class ptrs, g1 gc, windows-amd64)
GC Precious Log:
 CPUs: 12 total, 12 available
 Memory: 6005M
 Large Page Support: Disabled
 NUMA Support: Disabled
 Compressed Oops: Enabled (32-bit)
 Heap Region Size: 1M
 Heap Min Capacity: 8M
 Heap Initial Capacity: 94M
 Heap Max Capacity: 2G
 Pre-touch: Disabled
 Parallel Workers: 10
 Concurrent Workers: 3
 Concurrent Refinement Workers: 10
 Periodic GC: Disabled
Heap:
 garbage-first heap   total 324608K, used 238113K [0x0000000080000000, 0x0000000100000000)
  region size 1024K, 118 young (120832K), 10 survivors (10240K)
 Metaspace       used 119390K, committed 120256K, reserved 557056K
  class space    used 16592K, committed 16960K, reserved 425984K
GC Heap History (20 events):
Event: 15.113 GC heap before
{Heap before GC invocations=43 (full 0):
 garbage-first heap   total 171008K, used 121134K [0x0000000080000000, 0x0000000100000000)
  region size 1024K, 33 young (33792K), 2 survivors (2048K)
 Metaspace       used 86879K, committed 87552K, reserved 557056K
  class space    used 12065K, committed 12352K, reserved 425984K
}
Event: 15.116 GC heap after
{Heap after GC invocations=44 (full 0):
 garbage-first heap   total 171008K, used 86714K [0x0000000080000000, 0x0000000100000000)
  region size 1024K, 5 young (5120K), 5 survivors (5120K)
 Metaspace       used 86879K, committed 87552K, reserved 557056K
  class space    used 12065K, committed 12352K, reserved 425984K
}
Event: 15.144 GC heap before
{Heap before GC invocations=44 (full 0):
 garbage-first heap   total 171008K, used 89786K [0x0000000080000000, 0x0000000100000000)
  region size 1024K, 8 young (8192K), 5 survivors (5120K)
 Metaspace       used 87043K, committed 87744K, reserved 557056K
  class space    used 12097K, committed 12416K, reserved 425984K
}
Event: 15.147 GC heap after
{Heap after GC invocations=45 (full 0):
 garbage-first heap   total 171008K, used 86854K [0x0000000080000000, 0x0000000100000000)
  region size 1024K, 1 young (1024K), 1 survivors (1024K)
 Metaspace       used 87043K, committed 87744K, reserved 557056K
  class space    used 12097K, committed 12416K, reserved 425984K
}
Event: 15.644 GC heap before
{Heap before GC invocations=45 (full 0):
 garbage-first heap   total 171008K, used 132934K [0x0000000080000000, 0x0000000100000000)
  region size 1024K, 46 young (47104K), 1 survivors (1024K)
 Metaspace       used 90467K, committed 91200K, reserved 557056K
  class space    used 12569K, committed 12864K, reserved 425984K
}
Event: 15.648 GC heap after
{Heap after GC invocations=46 (full 0):
 garbage-first heap   total 171008K, used 88574K [0x0000000080000000, 0x0000000100000000)
  region size 1024K, 3 young (3072K), 3 survivors (3072K)
 Metaspace       used 90467K, committed 91200K, reserved 557056K
  class space    used 12569K, committed 12864K, reserved 425984K
}
Event: 16.153 GC heap before
{Heap before GC invocations=47 (full 0):
 garbage-first heap   total 171008K, used 135678K [0x0000000080000000, 0x0000000100000000)
  region size 1024K, 49 young (50176K), 3 survivors (3072K)
 Metaspace       used 94050K, committed 94848K, reserved 557056K
  class space    used 13065K, committed 13440K, reserved 425984K
}
Event: 16.156 GC heap after
{Heap after GC invocations=48 (full 0):
 garbage-first heap   total 171008K, used 90328K [0x0000000080000000, 0x0000000100000000)
  region size 1024K, 5 young (5120K), 5 survivors (5120K)
 Metaspace       used 94050K, committed 94848K, reserved 557056K
  class space    used 13065K, committed 13440K, reserved 425984K
}
Event: 16.178 GC heap before
{Heap before GC invocations=48 (full 0):
 garbage-first heap   total 171008K, used 93400K [0x0000000080000000, 0x0000000100000000)
  region size 1024K, 8 young (8192K), 5 survivors (5120K)
 Metaspace       used 94154K, committed 95040K, reserved 557056K
  class space    used 13089K, committed 13504K, reserved 425984K
}
Event: 16.182 GC heap after
{Heap after GC invocations=49 (full 0):
 garbage-first heap   total 171008K, used 90607K [0x0000000080000000, 0x0000000100000000)
  region size 1024K, 1 young (1024K), 1 survivors (1024K)
 Metaspace       used 94154K, committed 95040K, reserved 557056K
  class space    used 13089K, committed 13504K, reserved 425984K
}
Event: 18.806 GC heap before
{Heap before GC invocations=49 (full 0):
 garbage-first heap   total 171008K, used 139759K [0x0000000080000000, 0x0000000100000000)
  region size 1024K, 49 young (50176K), 1 survivors (1024K)
 Metaspace       used 94622K, committed 95488K, reserved 557056K
  class space    used 13151K, committed 13568K, reserved 425984K
}
Event: 18.811 GC heap after
{Heap after GC invocations=50 (full 0):
 garbage-first heap   total 342016K, used 94689K [0x0000000080000000, 0x0000000100000000)
  region size 1024K, 5 young (5120K), 5 survivors (5120K)
 Metaspace       used 94622K, committed 95488K, reserved 557056K
  class space    used 13151K, committed 13568K, reserved 425984K
}
Event: 20.537 GC heap before
{Heap before GC invocations=51 (full 0):
 garbage-first heap   total 324608K, used 225761K [0x0000000080000000, 0x0000000100000000)
  region size 1024K, 133 young (136192K), 5 survivors (5120K)
 Metaspace       used 103149K, committed 104000K, reserved 557056K
  class space    used 14536K, committed 14912K, reserved 425984K
}
Event: 20.556 GC heap after
{Heap after GC invocations=52 (full 0):
 garbage-first heap   total 324608K, used 100727K [0x0000000080000000, 0x0000000100000000)
  region size 1024K, 11 young (11264K), 11 survivors (11264K)
 Metaspace       used 103149K, committed 104000K, reserved 557056K
  class space    used 14536K, committed 14912K, reserved 425984K
}
Event: 20.609 GC heap before
{Heap before GC invocations=52 (full 0):
 garbage-first heap   total 324608K, used 103799K [0x0000000080000000, 0x0000000100000000)
  region size 1024K, 15 young (15360K), 11 survivors (11264K)
 Metaspace       used 103280K, committed 104192K, reserved 557056K
  class space    used 14547K, committed 14976K, reserved 425984K
}
Event: 20.627 GC heap after
{Heap after GC invocations=53 (full 0):
 garbage-first heap   total 324608K, used 102390K [0x0000000080000000, 0x0000000100000000)
  region size 1024K, 2 young (2048K), 2 survivors (2048K)
 Metaspace       used 103280K, committed 104192K, reserved 557056K
  class space    used 14547K, committed 14976K, reserved 425984K
}
Event: 22.854 GC heap before
{Heap before GC invocations=53 (full 0):
 garbage-first heap   total 324608K, used 263158K [0x0000000080000000, 0x0000000100000000)
  region size 1024K, 159 young (162816K), 2 survivors (2048K)
 Metaspace       used 113317K, committed 114112K, reserved 557056K
  class space    used 15911K, committed 16256K, reserved 425984K
}
Event: 22.875 GC heap after
{Heap after GC invocations=54 (full 0):
 garbage-first heap   total 324608K, used 113708K [0x0000000080000000, 0x0000000100000000)
  region size 1024K, 14 young (14336K), 14 survivors (14336K)
 Metaspace       used 113317K, committed 114112K, reserved 557056K
  class space    used 15911K, committed 16256K, reserved 425984K
}
Event: 25.442 GC heap before
{Heap before GC invocations=54 (full 0):
 garbage-first heap   total 324608K, used 262188K [0x0000000080000000, 0x0000000100000000)
  region size 1024K, 155 young (158720K), 14 survivors (14336K)
 Metaspace       used 118943K, committed 119872K, reserved 557056K
  class space    used 16529K, committed 16960K, reserved 425984K
}
Event: 25.459 GC heap after
{Heap after GC invocations=55 (full 0):
 garbage-first heap   total 324608K, used 123425K [0x0000000080000000, 0x0000000100000000)
  region size 1024K, 10 young (10240K), 10 survivors (10240K)
 Metaspace       used 118943K, committed 119872K, reserved 557056K
  class space    used 16529K, committed 16960K, reserved 425984K
}

