# JRE version: OpenJDK Runtime Environment (17.0.10) (build 17.0.10+0--11572160)
# Java VM: OpenJDK 64-Bit Server VM (17.0.10+0--11572160, mixed mode, tiered, compressed oops, compressed class ptrs, g1 gc, windows-amd64)
GC Precious Log:
 CPUs: 12 total, 12 available
 Memory: 6005M
 Large Page Support: Disabled
 NUMA Support: Disabled
 Compressed Oops: Enabled (Zero based)
 Heap Region Size: 2M
 Heap Min Capacity: 8M
 Heap Initial Capacity: 94M
 Heap Max Capacity: 4G
 Pre-touch: Disabled
 Parallel Workers: 10
 Concurrent Workers: 3
 Concurrent Refinement Workers: 10
 Periodic GC: Disabled
Heap:
 garbage-first heap   total 540672K, used 217730K [0x0000000700000000, 0x0000000800000000)
  region size 2048K, 3 young (6144K), 3 survivors (6144K)
 Metaspace       used 165096K, committed 166144K, reserved 1245184K
  class space    used 21064K, committed 21568K, reserved 1048576K
GC Heap History (20 events):
Event: 181.771 GC heap after
{Heap after GC invocations=136 (full 0):
 garbage-first heap   total 540672K, used 210459K [0x0000000700000000, 0x0000000800000000)
  region size 2048K, 8 young (16384K), 8 survivors (16384K)
 Metaspace       used 160953K, committed 161920K, reserved 1245184K
  class space    used 20491K, committed 20928K, reserved 1048576K
}
Event: 182.575 GC heap before
{Heap before GC invocations=136 (full 0):
 garbage-first heap   total 540672K, used 466459K [0x0000000700000000, 0x0000000800000000)
  region size 2048K, 133 young (272384K), 8 survivors (16384K)
 Metaspace       used 160954K, committed 161920K, reserved 1245184K
  class space    used 20491K, committed 20928K, reserved 1048576K
}
Event: 182.586 GC heap after
{Heap after GC invocations=137 (full 0):
 garbage-first heap   total 540672K, used 210109K [0x0000000700000000, 0x0000000800000000)
  region size 2048K, 8 young (16384K), 8 survivors (16384K)
 Metaspace       used 160954K, committed 161920K, reserved 1245184K
  class space    used 20491K, committed 20928K, reserved 1048576K
}
Event: 183.405 GC heap before
{Heap before GC invocations=137 (full 0):
 garbage-first heap   total 540672K, used 466109K [0x0000000700000000, 0x0000000800000000)
  region size 2048K, 133 young (272384K), 8 survivors (16384K)
 Metaspace       used 160954K, committed 161920K, reserved 1245184K
  class space    used 20491K, committed 20928K, reserved 1048576K
}
Event: 183.419 GC heap after
{Heap after GC invocations=138 (full 0):
 garbage-first heap   total 540672K, used 212172K [0x0000000700000000, 0x0000000800000000)
  region size 2048K, 9 young (18432K), 9 survivors (18432K)
 Metaspace       used 160954K, committed 161920K, reserved 1245184K
  class space    used 20491K, committed 20928K, reserved 1048576K
}
Event: 184.373 GC heap before
{Heap before GC invocations=138 (full 0):
 garbage-first heap   total 540672K, used 464076K [0x0000000700000000, 0x0000000800000000)
  region size 2048K, 132 young (270336K), 9 survivors (18432K)
 Metaspace       used 160955K, committed 161920K, reserved 1245184K
  class space    used 20491K, committed 20928K, reserved 1048576K
}
Event: 184.448 GC heap after
{Heap after GC invocations=139 (full 0):
 garbage-first heap   total 540672K, used 213097K [0x0000000700000000, 0x0000000800000000)
  region size 2048K, 9 young (18432K), 9 survivors (18432K)
 Metaspace       used 160955K, committed 161920K, reserved 1245184K
  class space    used 20491K, committed 20928K, reserved 1048576K
}
Event: 186.125 GC heap before
{Heap before GC invocations=139 (full 0):
 garbage-first heap   total 540672K, used 465001K [0x0000000700000000, 0x0000000800000000)
  region size 2048K, 132 young (270336K), 9 survivors (18432K)
 Metaspace       used 160955K, committed 161920K, reserved 1245184K
  class space    used 20491K, committed 20928K, reserved 1048576K
}
Event: 186.152 GC heap after
{Heap after GC invocations=140 (full 0):
 garbage-first heap   total 540672K, used 214994K [0x0000000700000000, 0x0000000800000000)
  region size 2048K, 10 young (20480K), 10 survivors (20480K)
 Metaspace       used 160955K, committed 161920K, reserved 1245184K
  class space    used 20491K, committed 20928K, reserved 1048576K
}
Event: 187.053 GC heap before
{Heap before GC invocations=140 (full 0):
 garbage-first heap   total 540672K, used 462802K [0x0000000700000000, 0x0000000800000000)
  region size 2048K, 131 young (268288K), 10 survivors (20480K)
 Metaspace       used 160955K, committed 161920K, reserved 1245184K
  class space    used 20491K, committed 20928K, reserved 1048576K
}
Event: 187.567 GC heap after
{Heap after GC invocations=141 (full 0):
 garbage-first heap   total 540672K, used 218020K [0x0000000700000000, 0x0000000800000000)
  region size 2048K, 7 young (14336K), 7 survivors (14336K)
 Metaspace       used 160955K, committed 161920K, reserved 1245184K
  class space    used 20491K, committed 20928K, reserved 1048576K
}
Event: 188.191 GC heap before
{Heap before GC invocations=141 (full 0):
 garbage-first heap   total 540672K, used 400292K [0x0000000700000000, 0x0000000800000000)
  region size 2048K, 96 young (196608K), 7 survivors (14336K)
 Metaspace       used 160992K, committed 161920K, reserved 1245184K
  class space    used 20491K, committed 20928K, reserved 1048576K
}
Event: 188.203 GC heap after
{Heap after GC invocations=142 (full 0):
 garbage-first heap   total 540672K, used 216878K [0x0000000700000000, 0x0000000800000000)
  region size 2048K, 7 young (14336K), 7 survivors (14336K)
 Metaspace       used 160992K, committed 161920K, reserved 1245184K
  class space    used 20491K, committed 20928K, reserved 1048576K
}
Event: 190.064 GC heap before
{Heap before GC invocations=142 (full 0):
 garbage-first heap   total 540672K, used 468782K [0x0000000700000000, 0x0000000800000000)
  region size 2048K, 129 young (264192K), 7 survivors (14336K)
 Metaspace       used 160995K, committed 161920K, reserved 1245184K
  class space    used 20491K, committed 20928K, reserved 1048576K
}
Event: 190.066 GC heap after
{Heap after GC invocations=143 (full 0):
 garbage-first heap   total 540672K, used 202294K [0x0000000700000000, 0x0000000800000000)
  region size 2048K, 2 young (4096K), 2 survivors (4096K)
 Metaspace       used 160995K, committed 161920K, reserved 1245184K
  class space    used 20491K, committed 20928K, reserved 1048576K
}
Event: 191.725 GC heap before
{Heap before GC invocations=143 (full 0):
 garbage-first heap   total 540672K, used 478774K [0x0000000700000000, 0x0000000800000000)
  region size 2048K, 135 young (276480K), 2 survivors (4096K)
 Metaspace       used 160995K, committed 161920K, reserved 1245184K
  class space    used 20491K, committed 20928K, reserved 1048576K
}
Event: 191.728 GC heap after
{Heap after GC invocations=144 (full 0):
 garbage-first heap   total 540672K, used 207855K [0x0000000700000000, 0x0000000800000000)
  region size 2048K, 2 young (4096K), 2 survivors (4096K)
 Metaspace       used 160995K, committed 161920K, reserved 1245184K
  class space    used 20491K, committed 20928K, reserved 1048576K
}
Event: 213.136 GC heap before
{Heap before GC invocations=144 (full 0):
 garbage-first heap   total 540672K, used 486383K [0x0000000700000000, 0x0000000800000000)
  region size 2048K, 132 young (270336K), 2 survivors (4096K)
 Metaspace       used 165027K, committed 166080K, reserved 1245184K
  class space    used 21064K, committed 21568K, reserved 1048576K
}
Event: 213.155 GC heap after
{Heap after GC invocations=145 (full 0):
 garbage-first heap   total 540672K, used 216827K [0x0000000700000000, 0x0000000800000000)
  region size 2048K, 3 young (6144K), 3 survivors (6144K)
 Metaspace       used 165027K, committed 166080K, reserved 1245184K
  class space    used 21064K, committed 21568K, reserved 1048576K
}
Event: 216.226 GC heap before
{Heap before GC invocations=145 (full 0):
 garbage-first heap   total 540672K, used 468731K [0x0000000700000000, 0x0000000800000000)
  region size 2048K, 127 young (260096K), 3 survivors (6144K)
 Metaspace       used 165096K, committed 166144K, reserved 1245184K
  class space    used 21064K, committed 21568K, reserved 1048576K
}

